No data for AACT=
No data for AACT+
No data for AAM=
No data for AAM+
No data for ABR-D
No data for ABR-E
No data for ABR-F
No data for ACHR+
No data for ACP-A
No data for ACR-C
No data for ACR-D
No data for ADC-A
No data for AGM-D
No data for AGM-E
No data for AGM-F
No data for AGM-G
No data for AGM.A
No data for AHH-A
No data for AHL-D
No data for AHL-E
No data for AHL-F
No data for AHT-D
No data for AHT-F
No data for AHT-G
No data for AHT-H
No data for AHT-I
No data for AKO.A
No data for AKO.B
No data for ALB-A
No data for ALL-B
No data for ALL-H
No data for ALL-I
No data for ALL-J
No data for ALTG-A
No data for ALUR+
No data for AMBI+
No data for AMBP+
No data for AMH-G
No data for AMH-H
No data for AMPX+
No data for ANG-B
No data for ANG-D
No data for AP+
No data for APO-A
No data for ARES-B
No data for ARGO-A
No data for ARR-C
No data for ASB-E
No data for ASB-F
No data for ATCO-D
No data for ATCO-H
No data for ATH-A
No data for ATH-B
No data for ATH-C
No data for ATH-D
No data for ATH-E
No data for AUB-A
No data for AXS-E
No data for BA-A
No data for BAC-B
No data for BAC-E
No data for BAC-K
No data for BAC-L
No data for BAC-M
No data for BAC-N
No data for BAC-O
No data for BAC-P
No data for BAC-Q
No data for BAC-S
No data for BANC-F
No data for BARK+
No data for BBAI+
No data for BC-A
No data for BC-C
No data for BCV-A
No data for BEP-A
No data for BF.A
No data for BF.B
No data for BFLY+
No data for BFS-D
No data for BFS-E
No data for BH.A
No data for BHR-B
No data for BHR-D
No data for BIO.B
No data for BIP-A
No data for BIP-B
No data for BK-K
No data for BKKT+
No data for BKSY+
No data for BML-G
No data for BML-H
No data for BML-J
No data for BML-L
No data for BOH-A
No data for BOH-B
No data for BRK.A
No data for BRK.B
No data for BW-A
No data for C-N
No data for CADE-A
No data for CDR-B
No data for CDR-C
No data for CELG^
No data for CFG-E
No data for CFG-H
No data for CFR-B
No data for CHEB=
No data for CHEB+
No data for CHMI-A
No data for CHMI-B
No data for CIG.C
No data for CIM-A
No data for CIM-B
No data for CIM-C
No data for CIM-D
No data for CIO-A
No data for CLBR=
No data for CLBR+
No data for CLDT-A
No data for CMRE-B
No data for CMRE-C
No data for CMRE-D
No data for CMS-B
No data for CMS-C
No data for CNO-A
No data for CODI-A
No data for CODI-B
No data for CODI-C
No data for COF-I
No data for COF-J
No data for COF-K
No data for COF-L
No data for COF-N
No data for CRD.A
No data for CRD.B
No data for CTA-A
No data for CTA-B
No data for CTO-A
No data for CUBI-E
No data for CUBI-F
No data for CVE+
No data for CWEN.A
No data for DBRG-H
No data for DBRG-I
No data for DBRG-J
No data for DC+
No data for DLNG-A
No data for DLNG-B
No data for DLR-J
No data for DLR-K
No data for DLR-L
No data for DMYY=
No data for DMYY+
No data for DRH-A
No data for DSX-B
No data for DSX+
No data for DUK-A
No data for DX-C
No data for EBR.B
No data for ECC-D
No data for ECF-A
No data for EFC-A
No data for EFC-B
No data for EFC-C
No data for EFC-D
No data for EONR+
No data for EP-C
No data for EPR-C
No data for EPR-E
No data for EPR-G
No data for EQH-A
No data for EQH-C
No data for EQV=
No data for EQV+
No data for ET-I
No data for ETI-
No data for EVEX+
No data for F-B
No data for F-C
No data for F-D
No data for FBRT-E
No data for FHN-B
No data for FHN-C
No data for FHN-E
No data for FHN-F
No data for FLG-A
No data for FLG-U
No data for FLYX+
No data for FRT-C
No data for GAB-G
No data for GAB-H
No data for GAB-K
No data for GAM-B
No data for GB+
No data for GCTS+
No data for GDV-H
No data for GDV-K
No data for GEF.B
No data for GGN-B
No data for GGT-E
No data for GGT-G
No data for GL-D
No data for GLOP-A
No data for GLOP-B
No data for GLOP-C
No data for GLP-B
No data for GLU-A
No data for GLU-B
No data for GMRE-A
No data for GNL-A
No data for GNL-B
No data for GNL-D
No data for GNL-E
No data for GNT-A
No data for GPMT-A
No data for GPUS-D
No data for GRAF=
No data for GRAF+
No data for GRBK-A
No data for GROY+
No data for GRP=
No data for GS-A
No data for GS-C
No data for GS-D
No data for GSL-B
No data for GTLS-B
No data for GTN.A
No data for GUT-C
No data for GWH+
No data for HEI.A
No data for HFRO-A
No data for HFRO-B
No data for HIG-G
No data for HL-B
No data for HLLY+
No data for HPE-C
No data for HPP-C
No data for HVT.A
No data for HWM-
No data for HYAC=
No data for HYAC+
No data for ICR-A
No data for IIPR-A
No data for INN-E
No data for INN-F
No data for IONQ+
No data for IRS+
No data for IVR-C
No data for JACS^
No data for JACS=
No data for JOBY+
No data for JPM-C
No data for JPM-D
No data for JPM-J
No data for JPM-K
No data for JPM-L
No data for JPM-M
No data for JXN-A
No data for KEY-I
No data for KEY-J
No data for KEY-K
No data for KEY-L
No data for KIM-L
No data for KIM-M
No data for KIM-N
No data for KKR-D
No data for KREF-A
No data for LANV+
No data for LEGT=
No data for LEGT+
No data for LEN.B
No data for LFT-A
No data for LGF.A
No data for LGF.B
No data for LGL+
No data for LMND+
No data for LNC-D
No data for LVWR+
No data for LXP-C
No data for LZM+
No data for MAA-I
No data for MDV-A
No data for MER-K
No data for MET-A
No data for MET-E
No data for MET-F
No data for MFA-B
No data for MFA-C
No data for MITT-A
No data for MITT-B
No data for MITT-C
No data for MKC.V
No data for ML+
No data for MOG.A
No data for MOG.B
No data for MS-A
No data for MS-E
No data for MS-F
No data for MS-I
No data for MS-K
No data for MS-L
No data for MS-O
No data for MS-P
No data for MS-Q
No data for MTB-H
No data for MTB-J
Skipped non-string symbol at index 6831
No data for NCV-A
No data for NCZ-A
No data for NE+A
No data for NE+
No data for NEE-N
No data for NEE-R
No data for NEE-S
No data for NEE-T
No data for NGL-B
No data for NGL-C
No data for NLY-F
No data for NLY-G
No data for NLY-I
No data for NOTE+
No data for NPWR+
No data for NREF-A
No data for NSA-A
No data for NSA-B
No data for NUVB+
No data for NXDT-A
No data for OAK-A
No data for OAK-B
No data for OPFI+
No data for OPP-A
No data for OPP-B
No data for OPP-C
No data for OXY+
No data for PBI-B
No data for PBR.A
No data for PCG-A
No data for PCG-B
No data for PCG-C
No data for PCG-D
No data for PCG-E
No data for PCG-G
No data for PCG-H
No data for PCG-I
No data for PCG-X
No data for PEB-E
No data for PEB-F
No data for PEB-G
No data for PEB-H
No data for PERF+
No data for PL+
No data for PMT-A
No data for PMT-B
No data for PMT-C
No data for PRIF-D
No data for PRIF-F
No data for PRIF-I
No data for PRIF-J
No data for PRIF-K
No data for PRIF-L
No data for PSA-F
No data for PSA-G
No data for PSA-H
No data for PSA-I
No data for PSA-J
No data for PSA-K
No data for PSA-L
No data for PSA-M
No data for PSA-N
No data for PSA-O
No data for PSA-P
No data for PSA-Q
No data for PSA-R
No data for PSA-S
No data for PSEC-A
No data for PSFE+
No data for PSQH+
No data for PW-A
No data for QBTS+
No data for RAC=
No data for RBOT+
No data for RC-C
No data for RC-E
No data for REXR-B
No data for REXR-C
No data for RF-C
No data for RF-E
No data for RF-F
No data for RFL+
No data for RITM-A
No data for RITM-B
No data for RITM-C
No data for RITM-D
No data for RIV-A
No data for RJF-B
No data for RLJ-A
No data for RNR-F
No data for RNR-G
No data for RPT-C
No data for RWT-A
No data for SACH-A
No data for SB-C
No data for SB-D
No data for SBEV+
No data for SBXD=
No data for SBXD+
No data for SCE-G
No data for SCE-J
No data for SCE-K
No data for SCE-L
No data for SCE-M
No data for SCE-N
No data for SCHW-D
No data for SCHW-J
No data for SEAL-A
No data for SEAL-B
No data for SES+
No data for SF-B
No data for SF-C
No data for SF-D
No data for SHO-H
No data for SHO-I
No data for SKYH+
No data for SLG-I
No data for SLND+
No data for SNV-D
No data for SNV-E
No data for SOUL=
No data for SPE-C
No data for SPG-J
No data for SPLP-A
No data for SPNT-B
No data for SR-A
No data for SRG-A
No data for STT-G
No data for SYF-A
No data for SYF-B
No data for T-A
No data for T-C
No data for TAP.A
No data for TDS-U
No data for TDS-V
No data for TE+
No data for TEN-E
No data for TEN-F
No data for TFC-I
No data for TFC-O
No data for TFC-R
No data for TRTN-A
No data for TRTN-B
No data for TRTN-C
No data for TRTN-D
No data for TRTN-E
No data for TRTN-F
No data for TRTX-C
No data for TWO-A
No data for TWO-B
No data for TWO-C
No data for TY-
No data for UCB-I
No data for UHAL.B
No data for UMH-D
No data for USB-A
No data for USB-H
No data for USB-P
No data for USB-Q
No data for USB-R
No data for USB-S
No data for UWMC+
No data for VAL+
No data for VLN+
No data for VNO-L
No data for VNO-M
No data for VNO-N
No data for VNO-O
No data for VOYA-B
No data for WAL-A
No data for WBS-F
No data for WBS-G
No data for WBX+
No data for WCC-A
No data for WFC-A
No data for WFC-C
No data for WFC-D
No data for WFC-L
No data for WFC-Y
No data for WFC-Z
No data for WRB-E
No data for WRB-F
No data for WRB-G
No data for WRB-H
No data for WSO.B
No data for XFLT-A
No data for YCBD-A
